<?xml version="1.0" encoding="UTF-8"?>
<!-- Generated by org.testng.reporters.JUnitReportReporter -->
<testsuite hostname="DESKTOP-5VGD0PP" failures="0" tests="5" name="Testcase.Makemytrip" time="95.093" errors="0" timestamp="2024-04-09T06:22:23 IST" skipped="0">
  <testcase classname="Testcase.Makemytrip" name="validSearch" time="16.628"/>
  <testcase classname="Testcase.Makemytrip" name="validSearch" time="75.750"/>
  <testcase classname="Testcase.Makemytrip" name="SameCityValidation" time="1.493"/>
  <testcase classname="Testcase.Makemytrip" name="SameCityValidation" time="0.598"/>
  <testcase classname="Testcase.Makemytrip" name="SameCityValidation" time="0.624"/>
</testsuite> <!-- Testcase.Makemytrip -->
